\BOOKMARK [0][]{chapter.1}{1 Introduction}{}% 1
\BOOKMARK [1][]{section.1.1}{1.1 Introduction}{chapter.1}% 2
\BOOKMARK [1][]{section.1.2}{1.2 1D Topological Superconductor}{chapter.1}% 3
\BOOKMARK [2][]{subsection.1.2.1}{1.2.1 Dirac fermions}{section.1.2}% 4
\BOOKMARK [2][]{subsection.1.2.2}{1.2.2 Real space tight-binding model}{section.1.2}% 5
\BOOKMARK [2][]{subsection.1.2.3}{1.2.3 Momentum space and the Fourier tansform}{section.1.2}% 6
\BOOKMARK [2][]{subsection.1.2.4}{1.2.4 Symmetries}{section.1.2}% 7
\BOOKMARK [2][]{subsection.1.2.5}{1.2.5 Energy Spectrum and ground state}{section.1.2}% 8
\BOOKMARK [2][]{subsection.1.2.6}{1.2.6 Winding number}{section.1.2}% 9
\BOOKMARK [2][]{subsection.1.2.7}{1.2.7 Majorana fermions and edge states}{section.1.2}% 10
\BOOKMARK [0][]{chapter.2}{2 Decomposition of the Chern Number in 2D Systems}{}% 11
\BOOKMARK [1][]{section.2.1}{2.1 Chern number and winding numbers in two spatial dimensions}{chapter.2}% 12
\BOOKMARK [2][]{subsection.2.1.1}{2.1.1 The Berry phase representation of 2D}{section.2.1}% 13
\BOOKMARK [2][]{subsection.2.1.2}{2.1.2 The winding number representation of 2D}{section.2.1}% 14
\BOOKMARK [2][]{subsection.2.1.3}{2.1.3 Observability of the winding number}{section.2.1}% 15
\BOOKMARK [2][]{subsection.2.1.4}{2.1.4 Breakdown of the winding number representation}{section.2.1}% 16
\BOOKMARK [1][]{section.2.2}{2.2 Decomposition of the Chern number into subsystem winding numbers}{chapter.2}% 17
\BOOKMARK [2][]{subsection.2.2.1}{2.2.1 Derivation for topological insulators}{section.2.2}% 18
\BOOKMARK [2][]{subsection.2.2.2}{2.2.2 Subsystem winding numbers as physical observables}{section.2.2}% 19
\BOOKMARK [2][]{subsection.2.2.3}{2.2.3 Derivation for superconductors}{section.2.2}% 20
\BOOKMARK [1][]{section.2.3}{2.3 Examples}{chapter.2}% 21
\BOOKMARK [1][]{section.2.4}{2.4 Experimental applications}{chapter.2}% 22
\BOOKMARK [1][]{section.2.5}{2.5 Conclusions}{chapter.2}% 23
\BOOKMARK [0][]{appendix*.7}{References}{}% 24
